<?xml version="1.0" encoding="UTF-8"?>
<!-- Generated by org.testng.reporters.JUnitReportReporter -->
<testsuite skipped="0" hostname="priyam" name="com.redbus.tests.ModifySearchBusLocationTest" tests="1" failures="0" timestamp="05 Jul 2021 03:34:42 GMT" time="29.615" errors="0">
  <testcase name="modifySearchLocation" time="29.615" classname="com.redbus.tests.ModifySearchBusLocationTest"/>
</testsuite> <!-- com.redbus.tests.ModifySearchBusLocationTest -->
