<?xml version="1.0" encoding="UTF-8"?>
<!-- Generated by org.testng.reporters.JUnitReportReporter -->
<testsuite skipped="0" hostname="priyam" name="com.redbus.tests.CustomerHelpsectionTest" tests="1" failures="0" timestamp="05 Jul 2021 03:34:42 GMT" time="28.790" errors="0">
  <testcase name="Help" time="28.790" classname="com.redbus.tests.CustomerHelpsectionTest"/>
</testsuite> <!-- com.redbus.tests.CustomerHelpsectionTest -->
