<?xml version="1.0" encoding="UTF-8"?>
<!-- Generated by org.testng.reporters.JUnitReportReporter -->
<testsuite skipped="0" hostname="priyam" name="com.redbus.tests.rPoolSectionTest" tests="1" failures="0" timestamp="05 Jul 2021 03:34:42 GMT" time="27.422" errors="0">
  <testcase name="rPoolfunctionality" time="27.422" classname="com.redbus.tests.rPoolSectionTest"/>
</testsuite> <!-- com.redbus.tests.rPoolSectionTest -->
