<?xml version="1.0" encoding="UTF-8"?>
<!-- Generated by org.testng.reporters.JUnitReportReporter -->
<testsuite skipped="0" hostname="priyam" name="com.redbus.tests.ContactUsFunctionalityTest" tests="1" failures="0" timestamp="02 Jul 2021 10:40:27 GMT" time="36.109" errors="0">
  <testcase name="ContactRedBus" time="36.109" classname="com.redbus.tests.ContactUsFunctionalityTest"/>
</testsuite> <!-- com.redbus.tests.ContactUsFunctionalityTest -->
