<?xml version="1.0" encoding="UTF-8"?>
<!-- Generated by org.testng.reporters.JUnitReportReporter -->
<testsuite skipped="0" hostname="priyam" name="com.redbus.tests.AirportBusHiringTest" tests="1" failures="0" timestamp="05 Jul 2021 08:56:28 GMT" time="52.821" errors="0">
  <testcase name="BusHiringAirport" time="52.821" classname="com.redbus.tests.AirportBusHiringTest"/>
</testsuite> <!-- com.redbus.tests.AirportBusHiringTest -->
