<?xml version="1.0" encoding="UTF-8"?>
<!-- Generated by org.testng.reporters.JUnitReportReporter -->
<testsuite skipped="0" hostname="priyam" name="com.redbus.tests.TravellerBusHiringTest" tests="1" failures="0" timestamp="02 Jul 2021 03:56:51 GMT" time="36.185" errors="0">
  <testcase name="BusHiringOutstation" time="36.185" classname="com.redbus.tests.TravellerBusHiringTest"/>
</testsuite> <!-- com.redbus.tests.TravellerBusHiringTest -->
