<?xml version="1.0" encoding="UTF-8"?>
<!-- Generated by org.testng.reporters.JUnitReportReporter -->
<testsuite skipped="0" hostname="priyam" name="com.redbus.tests.SigninTest" tests="1" failures="0" timestamp="05 Jul 2021 03:34:42 GMT" time="29.666" errors="0">
  <testcase name="signin" time="29.666" classname="com.redbus.tests.SigninTest"/>
</testsuite> <!-- com.redbus.tests.SigninTest -->
