<?xml version="1.0" encoding="UTF-8"?>
<!-- Generated by org.testng.reporters.JUnitReportReporter -->
<testsuite skipped="0" hostname="priyam" name="com.redbus.tests.ModifySearchBusLocationTest" tests="1" failures="0" timestamp="05 Jul 2021 06:56:34 GMT" time="26.456" errors="0">
  <testcase name="modifySearchLocation" time="26.456" classname="com.redbus.tests.ModifySearchBusLocationTest"/>
</testsuite> <!-- com.redbus.tests.ModifySearchBusLocationTest -->
