<?xml version="1.0" encoding="UTF-8"?>
<!-- Generated by org.testng.reporters.JUnitReportReporter -->
<testsuite skipped="0" hostname="priyam" name="com.redbus.tests.BusOperatorRegistrationTest" tests="1" failures="0" timestamp="04 Jul 2021 09:50:57 GMT" time="26.881" errors="0">
  <testcase name="operatorRegistration" time="26.881" classname="com.redbus.tests.BusOperatorRegistrationTest"/>
</testsuite> <!-- com.redbus.tests.BusOperatorRegistrationTest -->
