<?xml version="1.0" encoding="UTF-8"?>
<!-- Generated by org.testng.reporters.JUnitReportReporter -->
<testsuite skipped="0" hostname="priyam" name="com.redbus.tests.CareersTest" tests="1" failures="0" timestamp="01 Jul 2021 11:17:55 GMT" time="18.973" errors="0">
  <testcase name="careers" time="18.973" classname="com.redbus.tests.CareersTest"/>
</testsuite> <!-- com.redbus.tests.CareersTest -->
