<?xml version="1.0" encoding="UTF-8"?>
<!-- Generated by org.testng.reporters.JUnitReportReporter -->
<testsuite skipped="0" hostname="priyam" name="com.redbus.tests.SearchBusTest" tests="3" failures="0" timestamp="05 Jul 2021 06:56:34 GMT" time="87.225" errors="0">
  <testcase name="invalidSourceSearchBus" time="28.331" classname="com.redbus.tests.SearchBusTest"/>
  <testcase name="invalidDestinationSearchBus" time="25.870" classname="com.redbus.tests.SearchBusTest"/>
  <testcase name="ValidsearchBus" time="33.024" classname="com.redbus.tests.SearchBusTest"/>
</testsuite> <!-- com.redbus.tests.SearchBusTest -->
