<?xml version="1.0" encoding="UTF-8"?>
<!-- Generated by org.testng.reporters.JUnitReportReporter -->
<testsuite skipped="0" hostname="priyam" name="com.redbus.tests.ModifySearchBusLocationTest" tests="1" failures="0" timestamp="01 Jul 2021 11:17:55 GMT" time="24.457" errors="0">
  <testcase name="modifySearchLocation" time="24.457" classname="com.redbus.tests.ModifySearchBusLocationTest"/>
</testsuite> <!-- com.redbus.tests.ModifySearchBusLocationTest -->
