<?xml version="1.0" encoding="UTF-8"?>
<!-- Generated by org.testng.reporters.JUnitReportReporter -->
<testsuite skipped="0" hostname="priyam" name="com.redbus.tests.ManageBookingShowMyTicketTest" tests="1" failures="0" timestamp="01 Jul 2021 11:17:55 GMT" time="14.732" errors="0">
  <testcase name="ShowTicket" time="14.732" classname="com.redbus.tests.ManageBookingShowMyTicketTest"/>
</testsuite> <!-- com.redbus.tests.ManageBookingShowMyTicketTest -->
