<?xml version="1.0" encoding="UTF-8"?>
<!-- Generated by org.testng.reporters.JUnitReportReporter -->
<testsuite skipped="0" hostname="priyam" name="com.redbus.tests.GloballySitesBookingTest" tests="5" failures="0" timestamp="03 Jul 2021 04:00:38 GMT" time="75.199" errors="0">
  <testcase name="open_singapore_Booking" time="14.248" classname="com.redbus.tests.GloballySitesBookingTest"/>
  <testcase name="open_colombia_Booking" time="15.064" classname="com.redbus.tests.GloballySitesBookingTest"/>
  <testcase name="open_Malaysia_Booking" time="17.224" classname="com.redbus.tests.GloballySitesBookingTest"/>
  <testcase name="open_indonesia_Booking" time="15.640" classname="com.redbus.tests.GloballySitesBookingTest"/>
  <testcase name="open_peru_Booking" time="13.023" classname="com.redbus.tests.GloballySitesBookingTest"/>
</testsuite> <!-- com.redbus.tests.GloballySitesBookingTest -->
