<?xml version="1.0" encoding="UTF-8"?>
<!-- Generated by org.testng.reporters.JUnitReportReporter -->
<testsuite skipped="0" hostname="priyam" name="com.redbus.tests.SearchBusTest" tests="3" failures="0" timestamp="05 Jul 2021 03:34:42 GMT" time="71.152" errors="0">
  <testcase name="invalidDestinationSearchBus" time="22.506" classname="com.redbus.tests.SearchBusTest"/>
  <testcase name="invalidSourceSearchBus" time="22.006" classname="com.redbus.tests.SearchBusTest"/>
  <testcase name="ValidsearchBus" time="26.640" classname="com.redbus.tests.SearchBusTest"/>
</testsuite> <!-- com.redbus.tests.SearchBusTest -->
