<?xml version="1.0" encoding="UTF-8"?>
<!-- Generated by org.testng.reporters.JUnitReportReporter -->
<testsuite skipped="0" hostname="priyam" name="com.redbus.tests.GloballySitesBookingTest" tests="5" failures="0" timestamp="01 Jul 2021 11:17:55 GMT" time="112.199" errors="0">
  <testcase name="open_singapore_Booking" time="18.831" classname="com.redbus.tests.GloballySitesBookingTest"/>
  <testcase name="open_Malaysia_Booking" time="26.522" classname="com.redbus.tests.GloballySitesBookingTest"/>
  <testcase name="open_colombia_Booking" time="20.421" classname="com.redbus.tests.GloballySitesBookingTest"/>
  <testcase name="open_peru_Booking" time="24.194" classname="com.redbus.tests.GloballySitesBookingTest"/>
  <testcase name="open_indonesia_Booking" time="22.231" classname="com.redbus.tests.GloballySitesBookingTest"/>
</testsuite> <!-- com.redbus.tests.GloballySitesBookingTest -->
