<?xml version="1.0" encoding="UTF-8"?>
<!-- Generated by org.testng.reporters.JUnitReportReporter -->
<testsuite skipped="0" hostname="priyam" name="com.redbus.tests.CheckOffersTest" tests="1" failures="0" timestamp="02 Jul 2021 10:40:27 GMT" time="19.984" errors="0">
  <testcase name="offers" time="19.984" classname="com.redbus.tests.CheckOffersTest"/>
</testsuite> <!-- com.redbus.tests.CheckOffersTest -->
