<?xml version="1.0" encoding="UTF-8"?>
<!-- Generated by org.testng.reporters.JUnitReportReporter -->
<testsuite skipped="0" hostname="priyam" name="com.redbus.tests.CustomerHelpsectionTest" tests="1" failures="0" timestamp="01 Jul 2021 11:17:55 GMT" time="22.615" errors="0">
  <testcase name="Help" time="22.615" classname="com.redbus.tests.CustomerHelpsectionTest"/>
</testsuite> <!-- com.redbus.tests.CustomerHelpsectionTest -->
