<?xml version="1.0" encoding="UTF-8"?>
<!-- Generated by org.testng.reporters.JUnitReportReporter -->
<testsuite skipped="0" hostname="priyam" name="com.redbus.tests.CheckOffersTest" tests="1" failures="0" timestamp="05 Jul 2021 06:56:34 GMT" time="23.810" errors="0">
  <testcase name="offers" time="23.810" classname="com.redbus.tests.CheckOffersTest"/>
</testsuite> <!-- com.redbus.tests.CheckOffersTest -->
