<?xml version="1.0" encoding="UTF-8"?>
<!-- Generated by org.testng.reporters.JUnitReportReporter -->
<testsuite skipped="0" hostname="priyam" name="com.redbus.tests.CustomerHelpsectionTest" tests="1" failures="0" timestamp="02 Jul 2021 10:40:27 GMT" time="29.192" errors="0">
  <testcase name="Help" time="29.192" classname="com.redbus.tests.CustomerHelpsectionTest"/>
</testsuite> <!-- com.redbus.tests.CustomerHelpsectionTest -->
