<?xml version="1.0" encoding="UTF-8"?>
<!-- Generated by org.testng.reporters.JUnitReportReporter -->
<testsuite skipped="0" hostname="priyam" name="com.redbus.tests.ContactUsFunctionalityTest" tests="1" failures="0" timestamp="04 Jul 2021 09:50:57 GMT" time="36.452" errors="0">
  <testcase name="ContactRedBus" time="36.452" classname="com.redbus.tests.ContactUsFunctionalityTest"/>
</testsuite> <!-- com.redbus.tests.ContactUsFunctionalityTest -->
