<?xml version="1.0" encoding="UTF-8"?>
<!-- Generated by org.testng.reporters.JUnitReportReporter -->
<testsuite skipped="0" hostname="priyam" name="com.redbus.tests.ManageBookingShowMyTicketTest" tests="1" failures="0" timestamp="02 Jul 2021 10:40:27 GMT" time="22.997" errors="0">
  <testcase name="ShowTicket" time="22.997" classname="com.redbus.tests.ManageBookingShowMyTicketTest"/>
</testsuite> <!-- com.redbus.tests.ManageBookingShowMyTicketTest -->
