<?xml version="1.0" encoding="UTF-8"?>
<!-- Generated by org.testng.reporters.JUnitReportReporter -->
<testsuite skipped="0" hostname="priyam" name="com.redbus.tests.LocalBusHiringTest" tests="1" failures="0" timestamp="05 Jul 2021 08:57:36 GMT" time="53.865" errors="0">
  <testcase name="BusHiringLocal" time="53.865" classname="com.redbus.tests.LocalBusHiringTest"/>
</testsuite> <!-- com.redbus.tests.LocalBusHiringTest -->
