<?xml version="1.0" encoding="UTF-8"?>
<!-- Generated by org.testng.reporters.JUnitReportReporter -->
<testsuite skipped="0" hostname="priyam" name="com.redbus.tests.rPoolSectionTest" tests="1" failures="0" timestamp="03 Jul 2021 05:43:08 GMT" time="22.318" errors="0">
  <testcase name="rPoolfunctionality" time="22.318" classname="com.redbus.tests.rPoolSectionTest"/>
</testsuite> <!-- com.redbus.tests.rPoolSectionTest -->
