<?xml version="1.0" encoding="UTF-8"?>
<!-- Generated by org.testng.reporters.JUnitReportReporter -->
<testsuite skipped="0" hostname="priyam" name="com.redbus.tests.rPoolSectionTest" tests="1" failures="0" timestamp="01 Jul 2021 11:17:55 GMT" time="23.007" errors="0">
  <testcase name="rPoolfunctionality" time="23.007" classname="com.redbus.tests.rPoolSectionTest"/>
</testsuite> <!-- com.redbus.tests.rPoolSectionTest -->
