<?xml version="1.0" encoding="UTF-8"?>
<!-- Generated by org.testng.reporters.JUnitReportReporter -->
<testsuite skipped="0" hostname="priyam" name="com.redbus.tests.MangaingBookingCancelTicketTest" tests="1" failures="0" timestamp="05 Jul 2021 03:34:42 GMT" time="22.161" errors="0">
  <testcase name="TicketCancel" time="22.161" classname="com.redbus.tests.MangaingBookingCancelTicketTest"/>
</testsuite> <!-- com.redbus.tests.MangaingBookingCancelTicketTest -->
