<?xml version="1.0" encoding="UTF-8"?>
<!-- Generated by org.testng.reporters.JUnitReportReporter -->
<testsuite skipped="0" hostname="priyam" name="com.redbus.tests.GloballyBookingTest" tests="5" failures="0" timestamp="03 Jul 2021 09:58:56 GMT" time="103.123" errors="0">
  <testcase name="open_singapore_Booking" time="19.960" classname="com.redbus.tests.GloballyBookingTest"/>
  <testcase name="open_indonesia_Booking" time="18.440" classname="com.redbus.tests.GloballyBookingTest"/>
  <testcase name="open_peru_Booking" time="20.269" classname="com.redbus.tests.GloballyBookingTest"/>
  <testcase name="open_Malaysia_Booking" time="23.558" classname="com.redbus.tests.GloballyBookingTest"/>
  <testcase name="open_colombia_Booking" time="20.896" classname="com.redbus.tests.GloballyBookingTest"/>
</testsuite> <!-- com.redbus.tests.GloballyBookingTest -->
