<?xml version="1.0" encoding="UTF-8"?>
<!-- Generated by org.testng.reporters.JUnitReportReporter -->
<testsuite skipped="0" hostname="priyam" name="com.redbus.tests.BusAllOperatorsTest" tests="1" failures="0" timestamp="03 Jul 2021 06:47:35 GMT" time="37.017" errors="0">
  <testcase name="all_bus_operators" time="37.017" classname="com.redbus.tests.BusAllOperatorsTest"/>
</testsuite> <!-- com.redbus.tests.BusAllOperatorsTest -->
