<?xml version="1.0" encoding="UTF-8"?>
<!-- Generated by org.testng.reporters.JUnitReportReporter -->
<testsuite skipped="0" hostname="priyam" name="com.redbus.tests.RedbusPartnerwebsitesTest" tests="2" failures="0" timestamp="05 Jul 2021 08:50:26 GMT" time="48.702" errors="0">
  <testcase name="partnerWebsitesgoibibosite" time="24.886" classname="com.redbus.tests.RedbusPartnerwebsitesTest"/>
  <testcase name="partnerWebsitesmakemytrip" time="23.816" classname="com.redbus.tests.RedbusPartnerwebsitesTest"/>
</testsuite> <!-- com.redbus.tests.RedbusPartnerwebsitesTest -->
