<?xml version="1.0" encoding="UTF-8"?>
<!-- Generated by org.testng.reporters.JUnitReportReporter -->
<testsuite skipped="0" hostname="priyam" name="com.redbus.tests.ContactUsTest" tests="1" failures="0" timestamp="05 Jul 2021 10:01:30 GMT" time="37.416" errors="0">
  <testcase name="ContactRedBus" time="37.416" classname="com.redbus.tests.ContactUsTest"/>
</testsuite> <!-- com.redbus.tests.ContactUsTest -->
