<?xml version="1.0" encoding="UTF-8"?>
<!-- Generated by org.testng.reporters.JUnitReportReporter -->
<testsuite skipped="0" hostname="priyam" name="com.redbus.tests.RedbusGloballyBookingSitesTest" tests="5" failures="0" timestamp="05 Jul 2021 06:56:34 GMT" time="117.090" errors="0">
  <testcase name="open_singapore_Booking" time="22.834" classname="com.redbus.tests.RedbusGloballyBookingSitesTest"/>
  <testcase name="open_colombia_Booking" time="24.701" classname="com.redbus.tests.RedbusGloballyBookingSitesTest"/>
  <testcase name="open_Malaysia_Booking" time="22.405" classname="com.redbus.tests.RedbusGloballyBookingSitesTest"/>
  <testcase name="open_indonesia_Booking" time="21.455" classname="com.redbus.tests.RedbusGloballyBookingSitesTest"/>
  <testcase name="open_peru_Booking" time="25.695" classname="com.redbus.tests.RedbusGloballyBookingSitesTest"/>
</testsuite> <!-- com.redbus.tests.RedbusGloballyBookingSitesTest -->
