<?xml version="1.0" encoding="UTF-8"?>
<!-- Generated by org.testng.reporters.JUnitReportReporter -->
<testsuite skipped="0" hostname="priyam" name="com.redbus.tests.ManageBookingChangeTravelDateTest" tests="1" failures="0" timestamp="01 Jul 2021 11:17:55 GMT" time="17.249" errors="0">
  <testcase name="TravelDate" time="17.249" classname="com.redbus.tests.ManageBookingChangeTravelDateTest"/>
</testsuite> <!-- com.redbus.tests.ManageBookingChangeTravelDateTest -->
