<?xml version="1.0" encoding="UTF-8"?>
<!-- Generated by org.testng.reporters.JUnitReportReporter -->
<testsuite skipped="0" hostname="priyam" name="com.redbus.tests.ModifySearchBusLocationTest" tests="1" failures="0" timestamp="02 Jul 2021 10:40:27 GMT" time="28.464" errors="0">
  <testcase name="modifySearchLocation" time="28.464" classname="com.redbus.tests.ModifySearchBusLocationTest"/>
</testsuite> <!-- com.redbus.tests.ModifySearchBusLocationTest -->
