<?xml version="1.0" encoding="UTF-8"?>
<!-- Generated by org.testng.reporters.JUnitReportReporter -->
<testsuite skipped="0" hostname="priyam" name="com.redbus.tests.TravellerBusHiringTest" tests="1" failures="0" timestamp="01 Jul 2021 15:07:16 GMT" time="48.886" errors="0">
  <testcase name="BusHiringOutstation" time="48.886" classname="com.redbus.tests.TravellerBusHiringTest"/>
</testsuite> <!-- com.redbus.tests.TravellerBusHiringTest -->
