<?xml version="1.0" encoding="UTF-8"?>
<!-- Generated by org.testng.reporters.JUnitReportReporter -->
<testsuite skipped="0" hostname="priyam" name="com.redbus.tests.CheckOffersTest" tests="1" failures="0" timestamp="01 Jul 2021 11:17:55 GMT" time="19.978" errors="0">
  <testcase name="offers" time="19.978" classname="com.redbus.tests.CheckOffersTest"/>
</testsuite> <!-- com.redbus.tests.CheckOffersTest -->
