<?xml version="1.0" encoding="UTF-8"?>
<!-- Generated by org.testng.reporters.JUnitReportReporter -->
<testsuite skipped="0" hostname="priyam" name="com.redbus.tests.ManageBookingShowMyTicketTest" tests="1" failures="0" timestamp="05 Jul 2021 03:34:42 GMT" time="22.035" errors="0">
  <testcase name="ShowTicket" time="22.035" classname="com.redbus.tests.ManageBookingShowMyTicketTest"/>
</testsuite> <!-- com.redbus.tests.ManageBookingShowMyTicketTest -->
