<?xml version="1.0" encoding="UTF-8"?>
<!-- Generated by org.testng.reporters.JUnitReportReporter -->
<testsuite skipped="0" hostname="priyam" name="com.redbus.tests.GloballySitesBookingTest" tests="5" failures="0" timestamp="03 Jul 2021 08:08:01 GMT" time="119.246" errors="0">
  <testcase name="open_Malaysia_Booking" time="24.113" classname="com.redbus.tests.GloballySitesBookingTest"/>
  <testcase name="open_colombia_Booking" time="25.127" classname="com.redbus.tests.GloballySitesBookingTest"/>
  <testcase name="open_indonesia_Booking" time="23.762" classname="com.redbus.tests.GloballySitesBookingTest"/>
  <testcase name="open_peru_Booking" time="24.961" classname="com.redbus.tests.GloballySitesBookingTest"/>
  <testcase name="open_singapore_Booking" time="21.283" classname="com.redbus.tests.GloballySitesBookingTest"/>
</testsuite> <!-- com.redbus.tests.GloballySitesBookingTest -->
