<?xml version="1.0" encoding="UTF-8"?>
<!-- Generated by org.testng.reporters.JUnitReportReporter -->
<testsuite skipped="0" hostname="priyam" name="com.redbus.tests.ManageBookingChangeTravelDateTest" tests="1" failures="0" timestamp="02 Jul 2021 10:40:27 GMT" time="133.344" errors="0">
  <testcase name="TravelDate" time="133.344" classname="com.redbus.tests.ManageBookingChangeTravelDateTest"/>
</testsuite> <!-- com.redbus.tests.ManageBookingChangeTravelDateTest -->
