<?xml version="1.0" encoding="UTF-8"?>
<!-- Generated by org.testng.reporters.JUnitReportReporter -->
<testsuite skipped="0" hostname="priyam" name="com.redbus.tests.MangaingBookingCancelTicketTest" tests="1" failures="0" timestamp="02 Jul 2021 10:40:27 GMT" time="28.707" errors="0">
  <testcase name="TicketCancel" time="28.707" classname="com.redbus.tests.MangaingBookingCancelTicketTest"/>
</testsuite> <!-- com.redbus.tests.MangaingBookingCancelTicketTest -->
