<?xml version="1.0" encoding="UTF-8"?>
<!-- Generated by org.testng.reporters.JUnitReportReporter -->
<testsuite skipped="0" hostname="priyam" name="com.redbus.tests.RedbusPartnerwebsitesTest" tests="2" failures="0" timestamp="05 Jul 2021 03:34:42 GMT" time="91.223" errors="0">
  <testcase name="partnerWebsitesgoibibosite" time="48.899" classname="com.redbus.tests.RedbusPartnerwebsitesTest"/>
  <testcase name="partnerWebsitesmakemytrip" time="42.324" classname="com.redbus.tests.RedbusPartnerwebsitesTest"/>
</testsuite> <!-- com.redbus.tests.RedbusPartnerwebsitesTest -->
