<?xml version="1.0" encoding="UTF-8"?>
<!-- Generated by org.testng.reporters.JUnitReportReporter -->
<testsuite skipped="0" hostname="priyam" name="com.redbus.tests.NavigateBusOperatorRegistrationTest" tests="1" failures="0" timestamp="05 Jul 2021 06:56:34 GMT" time="28.950" errors="0">
  <testcase name="operatorRegistration" time="28.950" classname="com.redbus.tests.NavigateBusOperatorRegistrationTest"/>
</testsuite> <!-- com.redbus.tests.NavigateBusOperatorRegistrationTest -->
